build/intermediates/manifest_merge_blame_file/debug/manifest-merger-blame-debug-report.txt
1<?xml version="1.0" encoding="utf-8"?>
2<!-- The package name here determines the package for your R class and your BuildConfig class -->
3<manifest xmlns:android="http://schemas.android.com/apk/res/android"
4    package="dev.frozenmilk.dairy.curdled" >
5
6    <uses-sdk
7        android:minSdkVersion="24"
7-->src/main/AndroidManifest.xml
8        android:targetSdkVersion="28" />
8-->src/main/AndroidManifest.xml
9
10    <application />
10-->src/main/AndroidManifest.xml:6:5-19
11
12</manifest>